{
  "/home/mariano/projects/nano-css/cjs/index.js": {
    "path": "/home/mariano/projects/nano-css/cjs/index.js",
    "statementMap": {
      "0": {
        "start": {
          "line": 3,
          "column": 0
        },
        "end": {
          "line": 5,
          "column": 3
        }
      },
      "1": {
        "start": {
          "line": 6,
          "column": 0
        },
        "end": {
          "line": 6,
          "column": 114
        }
      },
      "2": {
        "start": {
          "line": 15,
          "column": 13
        },
        "end": {
          "line": 22,
          "column": 1
        }
      },
      "3": {
        "start": {
          "line": 16,
          "column": 13
        },
        "end": {
          "line": 16,
          "column": 17
        }
      },
      "4": {
        "start": {
          "line": 17,
          "column": 10
        },
        "end": {
          "line": 17,
          "column": 20
        }
      },
      "5": {
        "start": {
          "line": 19,
          "column": 2
        },
        "end": {
          "line": 19,
          "column": 51
        }
      },
      "6": {
        "start": {
          "line": 19,
          "column": 12
        },
        "end": {
          "line": 19,
          "column": 51
        }
      },
      "7": {
        "start": {
          "line": 21,
          "column": 2
        },
        "end": {
          "line": 21,
          "column": 41
        }
      },
      "8": {
        "start": {
          "line": 24,
          "column": 0
        },
        "end": {
          "line": 24,
          "column": 20
        }
      },
      "9": {
        "start": {
          "line": 25,
          "column": 15
        },
        "end": {
          "line": 25,
          "column": 41
        }
      },
      "10": {
        "start": {
          "line": 26,
          "column": 10
        },
        "end": {
          "line": 26,
          "column": 12
        }
      },
      "11": {
        "start": {
          "line": 27,
          "column": 12
        },
        "end": {
          "line": 27,
          "column": 14
        }
      },
      "12": {
        "start": {
          "line": 28,
          "column": 11
        },
        "end": {
          "line": 28,
          "column": 13
        }
      },
      "13": {
        "start": {
          "line": 35,
          "column": 15
        },
        "end": {
          "line": 35,
          "column": 24
        }
      },
      "14": {
        "start": {
          "line": 35,
          "column": 21
        },
        "end": {
          "line": 35,
          "column": 24
        }
      },
      "15": {
        "start": {
          "line": 42,
          "column": 0
        },
        "end": {
          "line": 42,
          "column": 24
        }
      },
      "16": {
        "start": {
          "line": 44,
          "column": 10
        },
        "end": {
          "line": 46,
          "column": 1
        }
      },
      "17": {
        "start": {
          "line": 45,
          "column": 2
        },
        "end": {
          "line": 45,
          "column": 13
        }
      },
      "18": {
        "start": {
          "line": 53,
          "column": 0
        },
        "end": {
          "line": 53,
          "column": 18
        }
      },
      "19": {
        "start": {
          "line": 56,
          "column": 2
        },
        "end": {
          "line": 56,
          "column": 95
        }
      },
      "20": {
        "start": {
          "line": 56,
          "column": 15
        },
        "end": {
          "line": 56,
          "column": 19
        }
      },
      "21": {
        "start": {
          "line": 56,
          "column": 25
        },
        "end": {
          "line": 56,
          "column": 26
        }
      },
      "22": {
        "start": {
          "line": 56,
          "column": 32
        },
        "end": {
          "line": 56,
          "column": 48
        }
      },
      "23": {
        "start": {
          "line": 56,
          "column": 62
        },
        "end": {
          "line": 56,
          "column": 95
        }
      },
      "24": {
        "start": {
          "line": 58,
          "column": 2
        },
        "end": {
          "line": 58,
          "column": 11
        }
      },
      "25": {
        "start": {
          "line": 69,
          "column": 11
        },
        "end": {
          "line": 78,
          "column": 1
        }
      },
      "26": {
        "start": {
          "line": 70,
          "column": 12
        },
        "end": {
          "line": 70,
          "column": 36
        }
      },
      "27": {
        "start": {
          "line": 72,
          "column": 2
        },
        "end": {
          "line": 72,
          "column": 51
        }
      },
      "28": {
        "start": {
          "line": 73,
          "column": 2
        },
        "end": {
          "line": 73,
          "column": 19
        }
      },
      "29": {
        "start": {
          "line": 73,
          "column": 12
        },
        "end": {
          "line": 73,
          "column": 19
        }
      },
      "30": {
        "start": {
          "line": 75,
          "column": 2
        },
        "end": {
          "line": 75,
          "column": 25
        }
      },
      "31": {
        "start": {
          "line": 75,
          "column": 18
        },
        "end": {
          "line": 75,
          "column": 25
        }
      },
      "32": {
        "start": {
          "line": 76,
          "column": 2
        },
        "end": {
          "line": 76,
          "column": 17
        }
      },
      "33": {
        "start": {
          "line": 77,
          "column": 2
        },
        "end": {
          "line": 77,
          "column": 11
        }
      },
      "34": {
        "start": {
          "line": 88,
          "column": 0
        },
        "end": {
          "line": 88,
          "column": 20
        }
      },
      "35": {
        "start": {
          "line": 90,
          "column": 10
        },
        "end": {
          "line": 124,
          "column": 1
        }
      },
      "36": {
        "start": {
          "line": 91,
          "column": 12
        },
        "end": {
          "line": 91,
          "column": 36
        }
      },
      "37": {
        "start": {
          "line": 92,
          "column": 12
        },
        "end": {
          "line": 92,
          "column": 27
        }
      },
      "38": {
        "start": {
          "line": 94,
          "column": 2
        },
        "end": {
          "line": 94,
          "column": 51
        }
      },
      "39": {
        "start": {
          "line": 98,
          "column": 2
        },
        "end": {
          "line": 98,
          "column": 22
        }
      },
      "40": {
        "start": {
          "line": 98,
          "column": 12
        },
        "end": {
          "line": 98,
          "column": 22
        }
      },
      "41": {
        "start": {
          "line": 101,
          "column": 2
        },
        "end": {
          "line": 101,
          "column": 42
        }
      },
      "42": {
        "start": {
          "line": 101,
          "column": 18
        },
        "end": {
          "line": 101,
          "column": 42
        }
      },
      "43": {
        "start": {
          "line": 103,
          "column": 2
        },
        "end": {
          "line": 111,
          "column": 3
        }
      },
      "44": {
        "start": {
          "line": 104,
          "column": 4
        },
        "end": {
          "line": 108,
          "column": 5
        }
      },
      "45": {
        "start": {
          "line": 105,
          "column": 6
        },
        "end": {
          "line": 105,
          "column": 52
        }
      },
      "46": {
        "start": {
          "line": 107,
          "column": 6
        },
        "end": {
          "line": 107,
          "column": 20
        }
      },
      "47": {
        "start": {
          "line": 110,
          "column": 4
        },
        "end": {
          "line": 110,
          "column": 20
        }
      },
      "48": {
        "start": {
          "line": 113,
          "column": 2
        },
        "end": {
          "line": 113,
          "column": 19
        }
      },
      "49": {
        "start": {
          "line": 114,
          "column": 28
        },
        "end": {
          "line": 114,
          "column": 42
        }
      },
      "50": {
        "start": {
          "line": 116,
          "column": 2
        },
        "end": {
          "line": 120,
          "column": 3
        }
      },
      "51": {
        "start": {
          "line": 117,
          "column": 33
        },
        "end": {
          "line": 117,
          "column": 49
        }
      },
      "52": {
        "start": {
          "line": 118,
          "column": 4
        },
        "end": {
          "line": 118,
          "column": 44
        }
      },
      "53": {
        "start": {
          "line": 119,
          "column": 4
        },
        "end": {
          "line": 119,
          "column": 41
        }
      },
      "54": {
        "start": {
          "line": 119,
          "column": 21
        },
        "end": {
          "line": 119,
          "column": 39
        }
      },
      "55": {
        "start": {
          "line": 122,
          "column": 2
        },
        "end": {
          "line": 122,
          "column": 58
        }
      },
      "56": {
        "start": {
          "line": 122,
          "column": 19
        },
        "end": {
          "line": 122,
          "column": 56
        }
      },
      "57": {
        "start": {
          "line": 123,
          "column": 2
        },
        "end": {
          "line": 123,
          "column": 19
        }
      },
      "58": {
        "start": {
          "line": 132,
          "column": 0
        },
        "end": {
          "line": 132,
          "column": 18
        }
      },
      "59": {
        "start": {
          "line": 134,
          "column": 0
        },
        "end": {
          "line": 134,
          "column": 23
        }
      },
      "60": {
        "start": {
          "line": 134,
          "column": 18
        },
        "end": {
          "line": 134,
          "column": 22
        }
      },
      "61": {
        "start": {
          "line": 141,
          "column": 14
        },
        "end": {
          "line": 149,
          "column": 1
        }
      },
      "62": {
        "start": {
          "line": 144,
          "column": 6
        },
        "end": {
          "line": 144,
          "column": 13
        }
      },
      "63": {
        "start": {
          "line": 145,
          "column": 2
        },
        "end": {
          "line": 148,
          "column": 5
        }
      },
      "64": {
        "start": {
          "line": 146,
          "column": 12
        },
        "end": {
          "line": 146,
          "column": 51
        }
      },
      "65": {
        "start": {
          "line": 147,
          "column": 4
        },
        "end": {
          "line": 147,
          "column": 27
        }
      },
      "66": {
        "start": {
          "line": 155,
          "column": 0
        },
        "end": {
          "line": 155,
          "column": 22
        }
      },
      "67": {
        "start": {
          "line": 157,
          "column": 14
        },
        "end": {
          "line": 161,
          "column": 1
        }
      },
      "68": {
        "start": {
          "line": 158,
          "column": 2
        },
        "end": {
          "line": 158,
          "column": 11
        }
      },
      "69": {
        "start": {
          "line": 159,
          "column": 2
        },
        "end": {
          "line": 159,
          "column": 13
        }
      },
      "70": {
        "start": {
          "line": 160,
          "column": 2
        },
        "end": {
          "line": 160,
          "column": 12
        }
      },
      "71": {
        "start": {
          "line": 163,
          "column": 0
        },
        "end": {
          "line": 163,
          "column": 22
        }
      }
    },
    "fnMap": {
      "0": {
        "name": "(anonymous_0)",
        "decl": {
          "start": {
            "line": 15,
            "column": 13
          },
          "end": {
            "line": 15,
            "column": 14
          }
        },
        "loc": {
          "start": {
            "line": 15,
            "column": 20
          },
          "end": {
            "line": 22,
            "column": 1
          }
        },
        "line": 15
      },
      "1": {
        "name": "(anonymous_1)",
        "decl": {
          "start": {
            "line": 35,
            "column": 15
          },
          "end": {
            "line": 35,
            "column": 16
          }
        },
        "loc": {
          "start": {
            "line": 35,
            "column": 21
          },
          "end": {
            "line": 35,
            "column": 24
          }
        },
        "line": 35
      },
      "2": {
        "name": "(anonymous_2)",
        "decl": {
          "start": {
            "line": 44,
            "column": 10
          },
          "end": {
            "line": 44,
            "column": 11
          }
        },
        "loc": {
          "start": {
            "line": 44,
            "column": 17
          },
          "end": {
            "line": 46,
            "column": 1
          }
        },
        "line": 44
      },
      "3": {
        "name": "tag",
        "decl": {
          "start": {
            "line": 55,
            "column": 9
          },
          "end": {
            "line": 55,
            "column": 12
          }
        },
        "loc": {
          "start": {
            "line": 55,
            "column": 16
          },
          "end": {
            "line": 59,
            "column": 1
          }
        },
        "line": 55
      },
      "4": {
        "name": "(anonymous_4)",
        "decl": {
          "start": {
            "line": 69,
            "column": 11
          },
          "end": {
            "line": 69,
            "column": 12
          }
        },
        "loc": {
          "start": {
            "line": 69,
            "column": 36
          },
          "end": {
            "line": 78,
            "column": 1
          }
        },
        "line": 69
      },
      "5": {
        "name": "(anonymous_5)",
        "decl": {
          "start": {
            "line": 90,
            "column": 10
          },
          "end": {
            "line": 90,
            "column": 11
          }
        },
        "loc": {
          "start": {
            "line": 90,
            "column": 35
          },
          "end": {
            "line": 124,
            "column": 1
          }
        },
        "line": 90
      },
      "6": {
        "name": "(anonymous_6)",
        "decl": {
          "start": {
            "line": 119,
            "column": 16
          },
          "end": {
            "line": 119,
            "column": 17
          }
        },
        "loc": {
          "start": {
            "line": 119,
            "column": 21
          },
          "end": {
            "line": 119,
            "column": 39
          }
        },
        "line": 119
      },
      "7": {
        "name": "(anonymous_7)",
        "decl": {
          "start": {
            "line": 122,
            "column": 14
          },
          "end": {
            "line": 122,
            "column": 15
          }
        },
        "loc": {
          "start": {
            "line": 122,
            "column": 19
          },
          "end": {
            "line": 122,
            "column": 56
          }
        },
        "line": 122
      },
      "8": {
        "name": "(anonymous_8)",
        "decl": {
          "start": {
            "line": 134,
            "column": 13
          },
          "end": {
            "line": 134,
            "column": 14
          }
        },
        "loc": {
          "start": {
            "line": 134,
            "column": 18
          },
          "end": {
            "line": 134,
            "column": 22
          }
        },
        "line": 134
      },
      "9": {
        "name": "(anonymous_9)",
        "decl": {
          "start": {
            "line": 141,
            "column": 14
          },
          "end": {
            "line": 141,
            "column": 15
          }
        },
        "loc": {
          "start": {
            "line": 141,
            "column": 25
          },
          "end": {
            "line": 149,
            "column": 1
          }
        },
        "line": 141
      },
      "10": {
        "name": "(anonymous_10)",
        "decl": {
          "start": {
            "line": 145,
            "column": 26
          },
          "end": {
            "line": 145,
            "column": 27
          }
        },
        "loc": {
          "start": {
            "line": 145,
            "column": 31
          },
          "end": {
            "line": 148,
            "column": 3
          }
        },
        "line": 145
      },
      "11": {
        "name": "(anonymous_11)",
        "decl": {
          "start": {
            "line": 157,
            "column": 14
          },
          "end": {
            "line": 157,
            "column": 15
          }
        },
        "loc": {
          "start": {
            "line": 157,
            "column": 20
          },
          "end": {
            "line": 161,
            "column": 1
          }
        },
        "line": 157
      }
    },
    "branchMap": {
      "0": {
        "loc": {
          "start": {
            "line": 56,
            "column": 68
          },
          "end": {
            "line": 56,
            "column": 86
          }
        },
        "type": "binary-expr",
        "locations": [
          {
            "start": {
              "line": 56,
              "column": 68
            },
            "end": {
              "line": 56,
              "column": 80
            }
          },
          {
            "start": {
              "line": 56,
              "column": 84
            },
            "end": {
              "line": 56,
              "column": 86
            }
          }
        ],
        "line": 56
      },
      "1": {
        "loc": {
          "start": {
            "line": 73,
            "column": 2
          },
          "end": {
            "line": 73,
            "column": 19
          }
        },
        "type": "if",
        "locations": [
          {
            "start": {
              "line": 73,
              "column": 2
            },
            "end": {
              "line": 73,
              "column": 19
            }
          },
          {
            "start": {
              "line": 73,
              "column": 2
            },
            "end": {
              "line": 73,
              "column": 19
            }
          }
        ],
        "line": 73
      },
      "2": {
        "loc": {
          "start": {
            "line": 75,
            "column": 2
          },
          "end": {
            "line": 75,
            "column": 25
          }
        },
        "type": "if",
        "locations": [
          {
            "start": {
              "line": 75,
              "column": 2
            },
            "end": {
              "line": 75,
              "column": 25
            }
          },
          {
            "start": {
              "line": 75,
              "column": 2
            },
            "end": {
              "line": 75,
              "column": 25
            }
          }
        ],
        "line": 75
      },
      "3": {
        "loc": {
          "start": {
            "line": 98,
            "column": 2
          },
          "end": {
            "line": 98,
            "column": 22
          }
        },
        "type": "if",
        "locations": [
          {
            "start": {
              "line": 98,
              "column": 2
            },
            "end": {
              "line": 98,
              "column": 22
            }
          },
          {
            "start": {
              "line": 98,
              "column": 2
            },
            "end": {
              "line": 98,
              "column": 22
            }
          }
        ],
        "line": 98
      },
      "4": {
        "loc": {
          "start": {
            "line": 101,
            "column": 2
          },
          "end": {
            "line": 101,
            "column": 42
          }
        },
        "type": "if",
        "locations": [
          {
            "start": {
              "line": 101,
              "column": 2
            },
            "end": {
              "line": 101,
              "column": 42
            }
          },
          {
            "start": {
              "line": 101,
              "column": 2
            },
            "end": {
              "line": 101,
              "column": 42
            }
          }
        ],
        "line": 101
      },
      "5": {
        "loc": {
          "start": {
            "line": 103,
            "column": 2
          },
          "end": {
            "line": 111,
            "column": 3
          }
        },
        "type": "if",
        "locations": [
          {
            "start": {
              "line": 103,
              "column": 2
            },
            "end": {
              "line": 111,
              "column": 3
            }
          },
          {
            "start": {
              "line": 103,
              "column": 2
            },
            "end": {
              "line": 111,
              "column": 3
            }
          }
        ],
        "line": 103
      },
      "6": {
        "loc": {
          "start": {
            "line": 104,
            "column": 4
          },
          "end": {
            "line": 108,
            "column": 5
          }
        },
        "type": "if",
        "locations": [
          {
            "start": {
              "line": 104,
              "column": 4
            },
            "end": {
              "line": 108,
              "column": 5
            }
          },
          {
            "start": {
              "line": 104,
              "column": 4
            },
            "end": {
              "line": 108,
              "column": 5
            }
          }
        ],
        "line": 104
      },
      "7": {
        "loc": {
          "start": {
            "line": 116,
            "column": 2
          },
          "end": {
            "line": 120,
            "column": 3
          }
        },
        "type": "if",
        "locations": [
          {
            "start": {
              "line": 116,
              "column": 2
            },
            "end": {
              "line": 120,
              "column": 3
            }
          },
          {
            "start": {
              "line": 116,
              "column": 2
            },
            "end": {
              "line": 120,
              "column": 3
            }
          }
        ],
        "line": 116
      },
      "8": {
        "loc": {
          "start": {
            "line": 118,
            "column": 4
          },
          "end": {
            "line": 118,
            "column": 43
          }
        },
        "type": "binary-expr",
        "locations": [
          {
            "start": {
              "line": 118,
              "column": 4
            },
            "end": {
              "line": 118,
              "column": 12
            }
          },
          {
            "start": {
              "line": 118,
              "column": 16
            },
            "end": {
              "line": 118,
              "column": 43
            }
          }
        ],
        "line": 118
      },
      "9": {
        "loc": {
          "start": {
            "line": 145,
            "column": 2
          },
          "end": {
            "line": 148,
            "column": 4
          }
        },
        "type": "binary-expr",
        "locations": [
          {
            "start": {
              "line": 145,
              "column": 2
            },
            "end": {
              "line": 145,
              "column": 8
            }
          },
          {
            "start": {
              "line": 145,
              "column": 13
            },
            "end": {
              "line": 148,
              "column": 3
            }
          }
        ],
        "line": 145
      },
      "10": {
        "loc": {
          "start": {
            "line": 147,
            "column": 11
          },
          "end": {
            "line": 147,
            "column": 26
          }
        },
        "type": "cond-expr",
        "locations": [
          {
            "start": {
              "line": 147,
              "column": 15
            },
            "end": {
              "line": 147,
              "column": 19
            }
          },
          {
            "start": {
              "line": 147,
              "column": 22
            },
            "end": {
              "line": 147,
              "column": 26
            }
          }
        ],
        "line": 147
      }
    },
    "s": {
      "0": 3,
      "1": 3,
      "2": 3,
      "3": 18,
      "4": 18,
      "5": 18,
      "6": 798,
      "7": 18,
      "8": 3,
      "9": 3,
      "10": 3,
      "11": 3,
      "12": 3,
      "13": 3,
      "14": 68,
      "15": 3,
      "16": 3,
      "17": 40,
      "18": 3,
      "19": 39,
      "20": 39,
      "21": 39,
      "22": 39,
      "23": 31,
      "24": 39,
      "25": 3,
      "26": 11,
      "27": 11,
      "28": 11,
      "29": 3,
      "30": 8,
      "31": 3,
      "32": 5,
      "33": 5,
      "34": 3,
      "35": 3,
      "36": 28,
      "37": 28,
      "38": 28,
      "39": 28,
      "40": 3,
      "41": 25,
      "42": 6,
      "43": 19,
      "44": 3,
      "45": 1,
      "46": 2,
      "47": 16,
      "48": 18,
      "49": 18,
      "50": 18,
      "51": 17,
      "52": 17,
      "53": 17,
      "54": 9,
      "55": 18,
      "56": 9,
      "57": 18,
      "58": 3,
      "59": 3,
      "60": 21,
      "61": 3,
      "62": 2,
      "63": 2,
      "64": 7,
      "65": 7,
      "66": 3,
      "67": 3,
      "68": 9,
      "69": 9,
      "70": 9,
      "71": 3
    },
    "f": {
      "0": 18,
      "1": 68,
      "2": 40,
      "3": 39,
      "4": 11,
      "5": 28,
      "6": 9,
      "7": 9,
      "8": 21,
      "9": 2,
      "10": 7,
      "11": 9
    },
    "b": {
      "0": [
        31,
        7
      ],
      "1": [
        3,
        8
      ],
      "2": [
        3,
        5
      ],
      "3": [
        3,
        25
      ],
      "4": [
        6,
        19
      ],
      "5": [
        3,
        16
      ],
      "6": [
        1,
        2
      ],
      "7": [
        17,
        1
      ],
      "8": [
        17,
        15
      ],
      "9": [
        2,
        2
      ],
      "10": [
        4,
        3
      ]
    },
    "_coverageSchema": "1a1c01bbd47fc00a2c39e90264f33305004495a9",
    "hash": "e85f0712129ac01460aa189b4aa127f1f33cfcdb",
    "contentHash": "ff2c7d9097fbbd91f0d3e242234450a8ee629e3dc510591258aa019ea4112a2f"
  }
}